0 info it worked if it ends with ok
1 verbose cli [ 'C:\\Program Files\\nodejs\\node.exe',
1 verbose cli   'C:\\Program Files\\nodejs\\node_modules\\npm\\bin\\npm-cli.js',
1 verbose cli   'start' ]
2 info using npm@3.10.10
3 info using node@v6.11.2
4 verbose run-script [ 'prestart', 'start', 'poststart' ]
5 info lifecycle tonva-tools@1.0.0~prestart: tonva-tools@1.0.0
6 silly lifecycle tonva-tools@1.0.0~prestart: no script for prestart, continuing
7 info lifecycle tonva-tools@1.0.0~start: tonva-tools@1.0.0
8 verbose lifecycle tonva-tools@1.0.0~start: unsafe-perm in lifecycle true
9 verbose lifecycle tonva-tools@1.0.0~start: PATH: C:\Program Files\nodejs\node_modules\npm\bin\node-gyp-bin;C:\Users\Henry\Projects\tonva-ui\tonva-tools\node_modules\.bin;C:\ProgramData\Oracle\Java\javapath;C:\Program Files (x86)\Intel\iCLS Client\;C:\Program Files\Intel\iCLS Client\;C:\WINDOWS\system32;C:\WINDOWS;C:\WINDOWS\System32\Wbem;C:\WINDOWS\System32\WindowsPowerShell\v1.0\;C:\Program Files\Microsoft SQL Server\Client SDK\ODBC\110\Tools\Binn\;C:\Program Files (x86)\Microsoft SQL Server\120\Tools\Binn\;C:\Program Files\Microsoft SQL Server\120\Tools\Binn\;C:\Program Files\Microsoft SQL Server\120\DTS\Binn\;C:\Program Files (x86)\Microsoft SQL Server\120\Tools\Binn\ManagementStudio\;C:\Program Files (x86)\Microsoft SQL Server\120\DTS\Binn\;C:\Program Files\Microsoft SQL Server\110\Tools\Binn\;C:\Program Files\Microsoft SQL Server\130\Tools\Binn\;C:\Program Files\Git\cmd;C:\Program Files (x86)\Windows Kits\10\Windows Performance Toolkit\;C:\Program Files\PuTTY\;C:\Program Files (x86)\Yarn\bin;C:\Program Files\nodejs\;C:\WINDOWS\System32\OpenSSH\;C:\Program Files\Microsoft VS Code\bin;C:\Users\Henry\.dnx\bin;C:\Users\Henry\AppData\Local\Microsoft\WindowsApps;C:\Users\Henry\AppData\Local\Yarn\.bin;C:\Users\Henry\AppData\Roaming\npm;C:\Users\Henry\AppData\Local\Programs\Fiddler;%USERPROFILE%\AppData\Local\Microsoft\WindowsApps
10 verbose lifecycle tonva-tools@1.0.0~start: CWD: C:\Users\Henry\Projects\tonva-ui\tonva-tools
11 silly lifecycle tonva-tools@1.0.0~start: Args: [ '/d /s /c', 'set PORT=3200 && react-scripts-ts start' ]
12 silly lifecycle tonva-tools@1.0.0~start: Returned: code: 1  signal: null
13 info lifecycle tonva-tools@1.0.0~start: Failed to exec start script
14 verbose stack Error: tonva-tools@1.0.0 start: `set PORT=3200 && react-scripts-ts start`
14 verbose stack Exit status 1
14 verbose stack     at EventEmitter.<anonymous> (C:\Program Files\nodejs\node_modules\npm\lib\utils\lifecycle.js:255:16)
14 verbose stack     at emitTwo (events.js:106:13)
14 verbose stack     at EventEmitter.emit (events.js:191:7)
14 verbose stack     at ChildProcess.<anonymous> (C:\Program Files\nodejs\node_modules\npm\lib\utils\spawn.js:40:14)
14 verbose stack     at emitTwo (events.js:106:13)
14 verbose stack     at ChildProcess.emit (events.js:191:7)
14 verbose stack     at maybeClose (internal/child_process.js:891:16)
14 verbose stack     at Process.ChildProcess._handle.onexit (internal/child_process.js:226:5)
15 verbose pkgid tonva-tools@1.0.0
16 verbose cwd C:\Users\Henry\Projects\tonva-ui\tonva-tools
17 error Windows_NT 10.0.17134
18 error argv "C:\\Program Files\\nodejs\\node.exe" "C:\\Program Files\\nodejs\\node_modules\\npm\\bin\\npm-cli.js" "start"
19 error node v6.11.2
20 error npm  v3.10.10
21 error code ELIFECYCLE
22 error tonva-tools@1.0.0 start: `set PORT=3200 && react-scripts-ts start`
22 error Exit status 1
23 error Failed at the tonva-tools@1.0.0 start script 'set PORT=3200 && react-scripts-ts start'.
23 error Make sure you have the latest version of node.js and npm installed.
23 error If you do, this is most likely a problem with the tonva-tools package,
23 error not with npm itself.
23 error Tell the author that this fails on your system:
23 error     set PORT=3200 && react-scripts-ts start
23 error You can get information on how to open an issue for this project with:
23 error     npm bugs tonva-tools
23 error Or if that isn't available, you can get their info via:
23 error     npm owner ls tonva-tools
23 error There is likely additional logging output above.
24 verbose exit [ 1, true ]
